<?xml version="1.0" encoding="UTF-8"?>
<!-- Generated by org.testng.reporters.JUnitXMLReporter -->
<testsuite hostname="OM-PC" ignored="0" name="Google Chrome test" tests="2" failures="2" timestamp="24 Apr 2020 12:36:20 GMT" time="1.534" errors="0">
  <testcase name="feature" time="0.081" classname="cucumber.api.testng.AbstractTestNGCucumberTests">
    <failure type="cucumber.runtime.CucumberException" message="java.lang.NullPointerException">
      <![CDATA[cucumber.runtime.CucumberException: java.lang.NullPointerException
at cucumber.api.testng.TestNGCucumberRunner.runCucumber(TestNGCucumberRunner.java:69)
at cucumber.api.testng.AbstractTestNGCucumberTests.feature(AbstractTestNGCucumberTests.java:21)
Caused by: java.lang.NullPointerException
at com.main.optimus.BaseClass.setupDriver(BaseClass.java:46)
at stepDefinitions.StepDefinition.login(StepDefinition.java:35)
at cucumber.runtime.Utils$1.call(Utils.java:37)
at cucumber.runtime.Timeout.timeout(Timeout.java:13)
at cucumber.runtime.Utils.invoke(Utils.java:31)
at cucumber.runtime.java.JavaHookDefinition.execute(JavaHookDefinition.java:60)
at cucumber.runtime.Runtime.runHookIfTagsMatch(Runtime.java:223)
at cucumber.runtime.Runtime.runHooks(Runtime.java:211)
at cucumber.runtime.Runtime.runBeforeHooks(Runtime.java:201)
at cucumber.runtime.model.CucumberScenario.run(CucumberScenario.java:40)
at cucumber.runtime.model.CucumberFeature.run(CucumberFeature.java:165)
at cucumber.api.testng.TestNGCucumberRunner.runCucumber(TestNGCucumberRunner.java:63)
... 26 more
... Removed 29 stack frames]]>
    </failure>
  </testcase> <!-- feature -->
  <testcase name="feature" time="0.411" classname="cucumber.api.testng.AbstractTestNGCucumberTests">
    <failure type="java.lang.NullPointerException">
      <![CDATA[java.lang.NullPointerException
at com.main.optimus.BaseClass.getScreenshot(BaseClass.java:66)
at cucumberOptions.listeners.onTestFailure(listeners.java:36)
... Removed 22 stack frames]]>
    </failure>
  </testcase> <!-- feature -->
</testsuite> <!-- Google Chrome test -->
